2025-09-13 15:08:37,047 - INFO - Starting product scraping...
2025-09-13 15:08:37,047 - INFO - ====== WebDriver manager ======
2025-09-13 15:08:37,055 - INFO - Get LATEST chromedriver version for google-chrome
2025-09-13 15:08:37,175 - INFO - About to download new driver from https://chromedriver.storage.googleapis.com/114.0.5735.90/chromedriver_linux64.zip
2025-09-13 15:08:37,325 - INFO - Driver downloading response is 200
2025-09-13 15:08:37,504 - INFO - Get LATEST chromedriver version for google-chrome
2025-09-13 15:08:37,656 - INFO - Get LATEST chromedriver version for google-chrome
2025-09-13 15:08:37,775 - INFO - Driver has been saved in cache [/home/ubuntu/.wdm/drivers/chromedriver/linux64/114.0.5735.90]
2025-09-13 15:08:37,796 - ERROR - Failed to initialize Selenium: Message: unknown error: cannot find Chrome binary
Stacktrace:
#0 0x5589265ab4e3 <unknown>
#1 0x5589262dac76 <unknown>
#2 0x558926301757 <unknown>
#3 0x558926300029 <unknown>
#4 0x55892633eccc <unknown>
#5 0x55892633e47f <unknown>
#6 0x558926335de3 <unknown>
#7 0x55892630b2dd <unknown>
#8 0x55892630c34e <unknown>
#9 0x55892656b3e4 <unknown>
#10 0x55892656f3d7 <unknown>
#11 0x558926579b20 <unknown>
#12 0x558926570023 <unknown>
#13 0x55892653e1aa <unknown>
#14 0x5589265946b8 <unknown>
#15 0x558926594847 <unknown>
#16 0x5589265a4243 <unknown>
#17 0x7f6e99b23ef1 <unknown>
#18 0x7f6e99bb545c <unknown>

2025-09-13 15:08:37,796 - ERROR - Unable to access https://shopdydy.com
